{
  "C:\\LENA\\OTUS\\Lesson10_VideoCourse\\src\\Homework1\\task1_3.js": {
    "path": "C:\\LENA\\OTUS\\Lesson10_VideoCourse\\src\\Homework1\\task1_3.js",
    "all": false,
    "statementMap": {
      "0": {
        "start": { "line": 1, "column": 0 },
        "end": { "line": 1, "column": 33 }
      },
      "1": {
        "start": { "line": 2, "column": 0 },
        "end": { "line": 2, "column": 51 }
      },
      "2": {
        "start": { "line": 3, "column": 0 },
        "end": { "line": 3, "column": 20 }
      },
      "3": {
        "start": { "line": 4, "column": 0 },
        "end": { "line": 4, "column": 42 }
      },
      "4": {
        "start": { "line": 5, "column": 0 },
        "end": { "line": 5, "column": 10 }
      },
      "5": {
        "start": { "line": 6, "column": 0 },
        "end": { "line": 6, "column": 29 }
      },
      "6": {
        "start": { "line": 7, "column": 0 },
        "end": { "line": 7, "column": 16 }
      },
      "7": {
        "start": { "line": 8, "column": 0 },
        "end": { "line": 8, "column": 23 }
      },
      "8": {
        "start": { "line": 9, "column": 0 },
        "end": { "line": 9, "column": 47 }
      },
      "9": {
        "start": { "line": 10, "column": 0 },
        "end": { "line": 10, "column": 31 }
      },
      "10": {
        "start": { "line": 11, "column": 0 },
        "end": { "line": 11, "column": 49 }
      },
      "11": {
        "start": { "line": 12, "column": 0 },
        "end": { "line": 12, "column": 12 }
      },
      "12": {
        "start": { "line": 13, "column": 0 },
        "end": { "line": 13, "column": 26 }
      },
      "13": {
        "start": { "line": 14, "column": 0 },
        "end": { "line": 14, "column": 5 }
      },
      "14": {
        "start": { "line": 15, "column": 0 },
        "end": { "line": 15, "column": 3 }
      },
      "15": {
        "start": { "line": 16, "column": 0 },
        "end": { "line": 16, "column": 1 }
      }
    },
    "s": {
      "0": 1,
      "1": 3,
      "2": 3,
      "3": 1,
      "4": 3,
      "5": 2,
      "6": 2,
      "7": 2,
      "8": 2,
      "9": 2,
      "10": 1,
      "11": 1,
      "12": 1,
      "13": 1,
      "14": 2,
      "15": 3
    },
    "branchMap": {
      "0": {
        "type": "branch",
        "line": 1,
        "loc": {
          "start": { "line": 1, "column": 7 },
          "end": { "line": 16, "column": 1 }
        },
        "locations": [
          {
            "start": { "line": 1, "column": 7 },
            "end": { "line": 16, "column": 1 }
          }
        ]
      },
      "1": {
        "type": "branch",
        "line": 3,
        "loc": {
          "start": { "line": 3, "column": 19 },
          "end": { "line": 5, "column": 3 }
        },
        "locations": [
          {
            "start": { "line": 3, "column": 19 },
            "end": { "line": 5, "column": 3 }
          }
        ]
      },
      "2": {
        "type": "branch",
        "line": 5,
        "loc": {
          "start": { "line": 5, "column": 3 },
          "end": { "line": 15, "column": 3 }
        },
        "locations": [
          {
            "start": { "line": 5, "column": 3 },
            "end": { "line": 15, "column": 3 }
          }
        ]
      },
      "3": {
        "type": "branch",
        "line": 10,
        "loc": {
          "start": { "line": 10, "column": 30 },
          "end": { "line": 14, "column": 5 }
        },
        "locations": [
          {
            "start": { "line": 10, "column": 30 },
            "end": { "line": 14, "column": 5 }
          }
        ]
      },
      "4": {
        "type": "branch",
        "line": 8,
        "loc": {
          "start": { "line": 8, "column": 11 },
          "end": { "line": 8, "column": 23 }
        },
        "locations": [
          {
            "start": { "line": 8, "column": 11 },
            "end": { "line": 8, "column": 23 }
          }
        ]
      },
      "5": {
        "type": "branch",
        "line": 9,
        "loc": {
          "start": { "line": 9, "column": 14 },
          "end": { "line": 9, "column": 46 }
        },
        "locations": [
          {
            "start": { "line": 9, "column": 14 },
            "end": { "line": 9, "column": 46 }
          }
        ]
      }
    },
    "b": { "0": [3], "1": [1], "2": [2], "3": [1], "4": [5], "5": [3] },
    "fnMap": {
      "0": {
        "name": "sumUserNumber",
        "decl": {
          "start": { "line": 1, "column": 7 },
          "end": { "line": 16, "column": 1 }
        },
        "loc": {
          "start": { "line": 1, "column": 7 },
          "end": { "line": 16, "column": 1 }
        },
        "line": 1
      }
    },
    "f": { "0": 3 }
  }
}
