{
  "C:\\LENA\\OTUS\\Lesson10_VideoCourse\\src\\Homework1\\task1.js": {
    "path": "C:\\LENA\\OTUS\\Lesson10_VideoCourse\\src\\Homework1\\task1.js",
    "all": false,
    "statementMap": {
      "0": {
        "start": { "line": 1, "column": 0 },
        "end": { "line": 1, "column": 33 }
      },
      "1": {
        "start": { "line": 2, "column": 0 },
        "end": { "line": 2, "column": 63 }
      },
      "2": {
        "start": { "line": 3, "column": 0 },
        "end": { "line": 3, "column": 39 }
      },
      "3": {
        "start": { "line": 4, "column": 0 },
        "end": { "line": 4, "column": 5 }
      },
      "4": {
        "start": { "line": 5, "column": 0 },
        "end": { "line": 5, "column": 29 }
      },
      "5": {
        "start": { "line": 6, "column": 0 },
        "end": { "line": 6, "column": 1 }
      },
      "6": {
        "start": { "line": 7, "column": 0 },
        "end": { "line": 7, "column": 44 }
      },
      "7": {
        "start": { "line": 8, "column": 0 },
        "end": { "line": 8, "column": 63 }
      },
      "8": {
        "start": { "line": 9, "column": 0 },
        "end": { "line": 9, "column": 39 }
      },
      "9": {
        "start": { "line": 10, "column": 0 },
        "end": { "line": 10, "column": 5 }
      },
      "10": {
        "start": { "line": 11, "column": 0 },
        "end": { "line": 11, "column": 29 }
      },
      "11": {
        "start": { "line": 12, "column": 0 },
        "end": { "line": 12, "column": 1 }
      }
    },
    "s": {
      "0": 1,
      "1": 5,
      "2": 4,
      "3": 4,
      "4": 1,
      "5": 1,
      "6": 1,
      "7": 1,
      "8": 0,
      "9": 0,
      "10": 1,
      "11": 1
    },
    "branchMap": {
      "0": {
        "type": "branch",
        "line": 1,
        "loc": {
          "start": { "line": 1, "column": 7 },
          "end": { "line": 6, "column": 1 }
        },
        "locations": [
          {
            "start": { "line": 1, "column": 7 },
            "end": { "line": 6, "column": 1 }
          }
        ]
      },
      "1": {
        "type": "branch",
        "line": 2,
        "loc": {
          "start": { "line": 2, "column": 32 },
          "end": { "line": 2, "column": 60 }
        },
        "locations": [
          {
            "start": { "line": 2, "column": 32 },
            "end": { "line": 2, "column": 60 }
          }
        ]
      },
      "2": {
        "type": "branch",
        "line": 2,
        "loc": {
          "start": { "line": 2, "column": 62 },
          "end": { "line": 4, "column": 5 }
        },
        "locations": [
          {
            "start": { "line": 2, "column": 62 },
            "end": { "line": 4, "column": 5 }
          }
        ]
      },
      "3": {
        "type": "branch",
        "line": 4,
        "loc": {
          "start": { "line": 4, "column": 4 },
          "end": { "line": 6, "column": 1 }
        },
        "locations": [
          {
            "start": { "line": 4, "column": 4 },
            "end": { "line": 6, "column": 1 }
          }
        ]
      },
      "4": {
        "type": "branch",
        "line": 7,
        "loc": {
          "start": { "line": 7, "column": 7 },
          "end": { "line": 12, "column": 1 }
        },
        "locations": [
          {
            "start": { "line": 7, "column": 7 },
            "end": { "line": 12, "column": 1 }
          }
        ]
      },
      "5": {
        "type": "branch",
        "line": 8,
        "loc": {
          "start": { "line": 8, "column": 62 },
          "end": { "line": 10, "column": 5 }
        },
        "locations": [
          {
            "start": { "line": 8, "column": 62 },
            "end": { "line": 10, "column": 5 }
          }
        ]
      }
    },
    "b": { "0": [5], "1": [1], "2": [4], "3": [1], "4": [1], "5": [0] },
    "fnMap": {
      "0": {
        "name": "sum",
        "decl": {
          "start": { "line": 1, "column": 7 },
          "end": { "line": 6, "column": 1 }
        },
        "loc": {
          "start": { "line": 1, "column": 7 },
          "end": { "line": 6, "column": 1 }
        },
        "line": 1
      },
      "1": {
        "name": "multiplication",
        "decl": {
          "start": { "line": 7, "column": 7 },
          "end": { "line": 12, "column": 1 }
        },
        "loc": {
          "start": { "line": 7, "column": 7 },
          "end": { "line": 12, "column": 1 }
        },
        "line": 7
      }
    },
    "f": { "0": 5, "1": 1 }
  }
}
