TN:
SF:src\library.js
FN:1,isNumber
FN:7,isString
FNF:2
FNH:1
FNDA:4,isNumber
FNDA:0,isString
DA:1,1
DA:2,4
DA:3,0
DA:4,0
DA:5,4
DA:6,1
DA:7,1
DA:8,0
DA:9,0
DA:10,0
DA:11,0
LF:11
LH:5
BRDA:1,0,0,4
BRDA:2,1,0,0
BRF:2
BRH:1
end_of_record
TN:
SF:src\Homework2\task2.js
FN:3,maxNumber
FN:8,isCircleFitToSquare
FNF:2
FNH:2
FNDA:1,maxNumber
FNDA:3,isCircleFitToSquare
DA:1,1
DA:2,1
DA:3,1
DA:4,1
DA:5,1
DA:6,1
DA:7,1
DA:8,1
DA:9,3
DA:10,3
DA:11,3
DA:12,3
DA:13,3
LF:13
LH:13
BRDA:3,0,0,1
BRDA:8,1,0,3
BRDA:12,2,0,2
BRDA:12,3,0,1
BRF:4
BRH:4
end_of_record
